<?xml version="1.0" encoding="UTF-8"?><testsuite errors="0" failures="0" name="in.co.gorest.gorestinfo.GoRestCURDTestWithSteps" skipped="0" tests="4" time="11.85" timestamp="2022-06-06T23:45:09.248+01:00[Europe/London]"><testcase classname="in.co.gorest.gorestinfo.GoRestCURDTestWithSteps" name="This will create new user"/><testcase classname="in.co.gorest.gorestinfo.GoRestCURDTestWithSteps" name="Verify if the user was added to the list"/><testcase classname="in.co.gorest.gorestinfo.GoRestCURDTestWithSteps" name="Update the user information and verify updated information"/><testcase classname="in.co.gorest.gorestinfo.GoRestCURDTestWithSteps" name="Delete the user and verify if the user is deleted!"/></testsuite>